<?xml version="1.0" encoding="UTF-8"?>
<!-- Generated by org.testng.reporters.JUnitXMLReporter -->
<testsuite ignored="0" hostname="S1238L" failures="1" tests="1" name="computerUpload" time="0.113" errors="0" timestamp="2021-09-26T17:16:47 IST">
  <testcase classname="com.qe.project.testcases.computerUpload" name="sampleMethod" time="0.016">
    <failure type="java.lang.NullPointerException" message="Cannot invoke &amp;quot;com.qe.project.pages.Sign_In.SignIn()&amp;quot; because &amp;quot;this.login&amp;quot; is null">
      <![CDATA[java.lang.NullPointerException: Cannot invoke "com.qe.project.pages.Sign_In.SignIn()" because "this.login" is null
at com.qe.project.testcases.computerUpload.sampleMethod(computerUpload.java:28)
at java.base/java.util.ArrayList.forEach(ArrayList.java:1511)
... Removed 27 stack frames]]>
    </failure>
  </testcase> <!-- sampleMethod -->
</testsuite> <!-- computerUpload -->
